[debug] [2020-12-25T01:06:18.838Z] ----------------------------------------------------------------------
[debug] [2020-12-25T01:06:18.839Z] Command:       /Users/calvinmalagon/.nvm/versions/node/v14.4.0/bin/node /usr/local/bin/firebase functions:shell
[debug] [2020-12-25T01:06:18.840Z] CLI Version:   8.9.2
[debug] [2020-12-25T01:06:18.840Z] Platform:      darwin
[debug] [2020-12-25T01:06:18.840Z] Node Version:  v14.4.0
[debug] [2020-12-25T01:06:18.840Z] Time:          Thu Dec 24 2020 17:06:18 GMT-0800 (Pacific Standard Time)
[debug] [2020-12-25T01:06:18.841Z] ----------------------------------------------------------------------
[debug] [2020-12-25T01:06:18.841Z] 
[debug] [2020-12-25T01:06:18.848Z] > command requires scopes: ["email","openid","https://www.googleapis.com/auth/cloudplatformprojects.readonly","https://www.googleapis.com/auth/firebase","https://www.googleapis.com/auth/cloud-platform"]
[debug] [2020-12-25T01:06:18.848Z] > authorizing via signed-in user
[debug] [2020-12-25T01:06:18.848Z] [iam] checking project fir-dd2ca for permissions ["firebase.projects.get"]
[debug] [2020-12-25T01:06:18.851Z] > refreshing access token with scopes: ["email","https://www.googleapis.com/auth/cloud-platform","https://www.googleapis.com/auth/cloudplatformprojects.readonly","https://www.googleapis.com/auth/firebase","openid"]
[debug] [2020-12-25T01:06:18.851Z] >>> HTTP REQUEST POST https://www.googleapis.com/oauth2/v3/token  
 <request body omitted>
[debug] [2020-12-25T01:06:19.045Z] <<< HTTP RESPONSE 200 {"pragma":"no-cache","expires":"Mon, 01 Jan 1990 00:00:00 GMT","cache-control":"no-cache, no-store, max-age=0, must-revalidate","date":"Fri, 25 Dec 2020 01:06:19 GMT","content-type":"application/json; charset=utf-8","vary":"X-Origin, Referer, Origin,Accept-Encoding","server":"scaffolding on HTTPServer2","x-xss-protection":"0","x-frame-options":"SAMEORIGIN","x-content-type-options":"nosniff","alt-svc":"h3-29=\":443\"; ma=2592000,h3-T051=\":443\"; ma=2592000,h3-Q050=\":443\"; ma=2592000,h3-Q046=\":443\"; ma=2592000,h3-Q043=\":443\"; ma=2592000,quic=\":443\"; ma=2592000; v=\"46,43\"","accept-ranges":"none","transfer-encoding":"chunked"}
[debug] [2020-12-25T01:06:19.055Z] >>> HTTP REQUEST POST https://cloudresourcemanager.googleapis.com/v1/projects/fir-dd2ca:testIamPermissions  
 {"permissions":["firebase.projects.get"]}
[debug] [2020-12-25T01:06:19.392Z] <<< HTTP RESPONSE 200 {"content-type":"application/json; charset=UTF-8","vary":"X-Origin, Referer, Origin,Accept-Encoding","date":"Fri, 25 Dec 2020 01:06:19 GMT","server":"ESF","cache-control":"private","x-xss-protection":"0","x-frame-options":"SAMEORIGIN","x-content-type-options":"nosniff","server-timing":"gfet4t7; dur=197","alt-svc":"h3-29=\":443\"; ma=2592000,h3-T051=\":443\"; ma=2592000,h3-Q050=\":443\"; ma=2592000,h3-Q046=\":443\"; ma=2592000,h3-Q043=\":443\"; ma=2592000,quic=\":443\"; ma=2592000; v=\"46,43\"","accept-ranges":"none","transfer-encoding":"chunked"}
[debug] [2020-12-25T01:06:19.394Z] >>> HTTP REQUEST GET http://localhost:4400/emulators  
 
[debug] [2020-12-25T01:06:19.516Z] Error: connect ECONNREFUSED 127.0.0.1:4400
    at TCPConnectWrap.afterConnect [as oncomplete] (net.js:1141:16)
[error] 
[error] Error: Server Error. connect ECONNREFUSED 127.0.0.1:4400
[debug] [2020-12-25T01:40:06.700Z] ----------------------------------------------------------------------
[debug] [2020-12-25T01:40:06.702Z] Command:       /Users/calvinmalagon/.nvm/versions/node/v14.4.0/bin/node /usr/local/bin/firebase functions:shell
[debug] [2020-12-25T01:40:06.702Z] CLI Version:   8.9.2
[debug] [2020-12-25T01:40:06.702Z] Platform:      darwin
[debug] [2020-12-25T01:40:06.702Z] Node Version:  v14.4.0
[debug] [2020-12-25T01:40:06.703Z] Time:          Thu Dec 24 2020 17:40:06 GMT-0800 (Pacific Standard Time)
[debug] [2020-12-25T01:40:06.703Z] ----------------------------------------------------------------------
[debug] [2020-12-25T01:40:06.703Z] 
[debug] [2020-12-25T01:40:06.710Z] > command requires scopes: ["email","openid","https://www.googleapis.com/auth/cloudplatformprojects.readonly","https://www.googleapis.com/auth/firebase","https://www.googleapis.com/auth/cloud-platform"]
[debug] [2020-12-25T01:40:06.710Z] > authorizing via signed-in user
[debug] [2020-12-25T01:40:06.710Z] [iam] checking project fir-dd2ca for permissions ["firebase.projects.get"]
[debug] [2020-12-25T01:40:06.712Z] >>> HTTP REQUEST POST https://cloudresourcemanager.googleapis.com/v1/projects/fir-dd2ca:testIamPermissions  
 {"permissions":["firebase.projects.get"]}
[debug] [2020-12-25T01:40:06.921Z] <<< HTTP RESPONSE 200 {"content-type":"application/json; charset=UTF-8","vary":"X-Origin, Referer, Origin,Accept-Encoding","date":"Fri, 25 Dec 2020 01:40:06 GMT","server":"ESF","cache-control":"private","x-xss-protection":"0","x-frame-options":"SAMEORIGIN","x-content-type-options":"nosniff","server-timing":"gfet4t7; dur=60","alt-svc":"h3-29=\":443\"; ma=2592000,h3-T051=\":443\"; ma=2592000,h3-Q050=\":443\"; ma=2592000,h3-Q046=\":443\"; ma=2592000,h3-Q043=\":443\"; ma=2592000,quic=\":443\"; ma=2592000; v=\"46,43\"","accept-ranges":"none","transfer-encoding":"chunked"}
[debug] [2020-12-25T01:40:06.922Z] >>> HTTP REQUEST GET http://localhost:4400/emulators  
 
[debug] [2020-12-25T01:40:07.047Z] Error: connect ECONNREFUSED 127.0.0.1:4400
    at TCPConnectWrap.afterConnect [as oncomplete] (net.js:1141:16)
[error] 
[error] Error: Server Error. connect ECONNREFUSED 127.0.0.1:4400
